<?xml version="1.0" encoding="UTF-8"?>
<!-- Generated by org.testng.reporters.JUnitReportReporter -->
<testsuite hostname="DESKTOP-8QBIHO6" failures="0" tests="1" name="Validation.Vali_2" time="3.270" errors="0" timestamp="2024-09-01T21:33:46 IST" skipped="0">
  <testcase classname="Validation.Vali_2" name="sampleTest" time="3.270"/>
  <system-out/>
</testsuite> <!-- Validation.Vali_2 -->
