<?xml version="1.0" encoding="UTF-8"?>
<!-- Generated by org.testng.reporters.JUnitReportReporter -->
<testsuite hostname="DESKTOP-8QBIHO6" failures="0" tests="1" name="Parameter.Formpara" time="2.272" errors="0" timestamp="2024-09-01T22:46:12 IST" skipped="0">
  <testcase classname="Parameter.Formpara" name="sapleTest" time="2.272"/>
  <system-out/>
</testsuite> <!-- Parameter.Formpara -->
