<?xml version="1.0" encoding="UTF-8"?>
<!-- Generated by org.testng.reporters.JUnitReportReporter -->
<testsuite hostname="DESKTOP-8QBIHO6" failures="0" tests="1" name="Payload.JsonFile" time="2.779" errors="0" timestamp="2024-09-01T20:32:22 IST" skipped="0">
  <testcase classname="Payload.JsonFile" name="sampleTest" time="2.779"/>
  <system-out/>
</testsuite> <!-- Payload.JsonFile -->
