<?xml version="1.0" encoding="UTF-8"?>
<!-- Generated by org.testng.reporters.JUnitReportReporter -->
<testsuite hostname="DESKTOP-8QBIHO6" failures="0" tests="1" name="Parameter.PathParameter" time="2.325" errors="0" timestamp="2024-09-01T22:39:30 IST" skipped="0">
  <testcase classname="Parameter.PathParameter" name="sapleTest" time="2.325"/>
  <system-out/>
</testsuite> <!-- Parameter.PathParameter -->
