<?xml version="1.0" encoding="UTF-8"?>
<!-- Generated by org.testng.reporters.JUnitReportReporter -->
<testsuite hostname="DESKTOP-8QBIHO6" failures="0" tests="1" name="Auth.DigestAuth" time="2.825" errors="0" timestamp="2024-09-08T12:48:35 IST" skipped="0">
  <testcase classname="Auth.DigestAuth" name="test" time="2.825"/>
  <system-out/>
</testsuite> <!-- Auth.DigestAuth -->
