<?xml version="1.0" encoding="UTF-8"?>
<!-- Generated by org.testng.reporters.JUnitReportReporter -->
<testsuite hostname="DESKTOP-8QBIHO6" failures="0" tests="1" name="CrudOpration.PatchMethod" time="4.525" errors="0" timestamp="2024-09-02T13:12:11 IST" skipped="0">
  <testcase classname="CrudOpration.PatchMethod" name="sampleTest" time="4.525"/>
  <system-out/>
</testsuite> <!-- CrudOpration.PatchMethod -->
