<?xml version="1.0" encoding="UTF-8"?>
<!-- Generated by org.testng.reporters.JUnitReportReporter -->
<testsuite hostname="DESKTOP-8QBIHO6" failures="0" tests="1" name="Payload.POJOCLASS" time="3.385" errors="0" timestamp="2024-09-01T20:48:52 IST" skipped="0">
  <testcase classname="Payload.POJOCLASS" name="sampleTest" time="3.385"/>
  <system-out/>
</testsuite> <!-- Payload.POJOCLASS -->
