<?xml version="1.0" encoding="UTF-8"?>
<!-- Generated by org.testng.reporters.JUnitReportReporter -->
<testsuite hostname="DESKTOP-8QBIHO6" failures="0" tests="1" name="Validation.Basic" time="2.612" errors="0" timestamp="2024-09-01T21:38:45 IST" skipped="0">
  <testcase classname="Validation.Basic" name="sampleTest" time="2.612"/>
  <system-out/>
</testsuite> <!-- Validation.Basic -->
