<?xml version="1.0" encoding="UTF-8"?>
<!-- Generated by org.testng.reporters.JUnitReportReporter -->
<testsuite hostname="DESKTOP-8QBIHO6" failures="0" tests="1" name="Auth.BasicAuth" time="3.053" errors="0" timestamp="2024-09-08T12:46:11 IST" skipped="0">
  <testcase classname="Auth.BasicAuth" name="test" time="3.053"/>
  <system-out/>
</testsuite> <!-- Auth.BasicAuth -->
