<?xml version="1.0" encoding="UTF-8"?>
<!-- Generated by org.testng.reporters.JUnitReportReporter -->
<testsuite hostname="DESKTOP-8QBIHO6" failures="0" tests="1" name="Payload.JsonObject_" time="3.165" errors="0" timestamp="2024-09-01T20:29:33 IST" skipped="0">
  <testcase classname="Payload.JsonObject_" name="smapleTest" time="3.165"/>
  <system-out/>
</testsuite> <!-- Payload.JsonObject_ -->
