<?xml version="1.0" encoding="UTF-8"?>
<!-- Generated by org.testng.reporters.JUnitReportReporter -->
<testsuite hostname="DESKTOP-8QBIHO6" failures="0" tests="1" name="Generic.BaseClass" time="0.013" errors="0" timestamp="2024-09-08T19:02:44 IST" skipped="0">
  <testcase classname="Generic.BaseClass" name="sample" time="0.013"/>
  <system-out/>
</testsuite> <!-- Generic.BaseClass -->
