<?xml version="1.0" encoding="UTF-8"?>
<!-- Generated by org.testng.reporters.JUnitReportReporter -->
<testsuite hostname="DESKTOP-8QBIHO6" failures="0" tests="1" name="BBDWithout.PostMethod" time="4.772" errors="0" timestamp="2024-09-02T13:09:32 IST" skipped="0">
  <testcase classname="BBDWithout.PostMethod" name="sampleTest" time="4.772"/>
  <system-out/>
</testsuite> <!-- BBDWithout.PostMethod -->
