<?xml version="1.0" encoding="UTF-8"?>
<!-- Generated by org.testng.reporters.JUnitReportReporter -->
<testsuite hostname="DESKTOP-8QBIHO6" failures="0" tests="1" name="CrudOpration.PostMethod" time="4.413" errors="0" timestamp="2024-09-02T13:11:38 IST" skipped="0">
  <testcase classname="CrudOpration.PostMethod" name="sampleTest" time="4.413"/>
  <system-out/>
</testsuite> <!-- CrudOpration.PostMethod -->
