<?xml version="1.0" encoding="UTF-8"?>
<!-- Generated by org.testng.reporters.JUnitReportReporter -->
<testsuite hostname="DESKTOP-8QBIHO6" failures="0" tests="1" name="Payload.HashMap_" time="3.152" errors="0" timestamp="2024-09-01T20:29:49 IST" skipped="0">
  <testcase classname="Payload.HashMap_" name="sampleTest" time="3.152"/>
  <system-out/>
</testsuite> <!-- Payload.HashMap_ -->
