<?xml version="1.0" encoding="UTF-8"?>
<!-- Generated by org.testng.reporters.JUnitReportReporter -->
<testsuite hostname="DESKTOP-8QBIHO6" failures="0" tests="1" name="Parameter.param" time="2.242" errors="0" timestamp="2024-09-01T22:47:10 IST" skipped="0">
  <testcase classname="Parameter.param" name="sapleTest" time="2.242"/>
  <system-out/>
</testsuite> <!-- Parameter.param -->
