<?xml version="1.0" encoding="UTF-8"?>
<!-- Generated by org.testng.reporters.JUnitReportReporter -->
<testsuite hostname="DESKTOP-8QBIHO6" failures="0" tests="1" name="Parameter.QueryPara" time="2.432" errors="0" timestamp="2024-09-01T22:41:45 IST" skipped="0">
  <testcase classname="Parameter.QueryPara" name="sapleTest" time="2.432"/>
  <system-out/>
</testsuite> <!-- Parameter.QueryPara -->
