<?xml version="1.0" encoding="UTF-8"?>
<!-- Generated by org.testng.reporters.JUnitReportReporter -->
<testsuite hostname="DESKTOP-8QBIHO6" failures="0" tests="1" name="CrudOpration.DeleteMethod" time="4.498" errors="0" timestamp="2024-09-02T13:13:06 IST" skipped="0">
  <testcase classname="CrudOpration.DeleteMethod" name="smapleTest" time="4.498"/>
  <system-out/>
</testsuite> <!-- CrudOpration.DeleteMethod -->
