<?xml version="1.0" encoding="UTF-8"?>
<!-- Generated by org.testng.reporters.JUnitReportReporter -->
<testsuite hostname="DESKTOP-8QBIHO6" failures="0" tests="1" name="Auth.Prem" time="2.750" errors="0" timestamp="2024-09-08T12:55:02 IST" skipped="0">
  <testcase classname="Auth.Prem" name="test" time="2.750"/>
  <system-out/>
</testsuite> <!-- Auth.Prem -->
