<?xml version="1.0" encoding="UTF-8"?>
<!-- Generated by org.testng.reporters.JUnitReportReporter -->
<testsuite hostname="DESKTOP-8QBIHO6" failures="0" tests="1" name="Validation.ComplaxVali" time="2.377" errors="0" timestamp="2024-09-01T22:15:30 IST" skipped="0">
  <testcase classname="Validation.ComplaxVali" name="sampleTest" time="2.377"/>
  <system-out/>
</testsuite> <!-- Validation.ComplaxVali -->
