<?xml version="1.0" encoding="UTF-8"?>
<!-- Generated by org.testng.reporters.JUnitReportReporter -->
<testsuite hostname="DESKTOP-8QBIHO6" failures="0" tests="1" name="Validation.GetMethod" time="4.487" errors="0" timestamp="2024-09-01T21:31:06 IST" skipped="0">
  <testcase classname="Validation.GetMethod" name="sampleTest" time="4.487"/>
  <system-out/>
</testsuite> <!-- Validation.GetMethod -->
