<?xml version="1.0" encoding="UTF-8"?>
<!-- Generated by org.testng.reporters.JUnitReportReporter -->
<testsuite hostname="DESKTOP-8QBIHO6" failures="0" tests="1" name="CrudOpration.GetMethod" time="4.968" errors="0" timestamp="2024-09-02T13:12:37 IST" skipped="0">
  <testcase classname="CrudOpration.GetMethod" name="sampleTest" time="4.968"/>
  <system-out/>
</testsuite> <!-- CrudOpration.GetMethod -->
